<?xml version="1.0" encoding="UTF-8"?>
<testng-results ignored="0" total="1" passed="1" failed="0" skipped="0">
  <reporter-output>
  </reporter-output>
  <suite started-at="2024-09-28T15:34:17 IST" name="Default suite" finished-at="2024-09-28T15:34:26 IST" duration-ms="9230">
    <groups>
    </groups>
    <test started-at="2024-09-28T15:34:17 IST" name="Default test" finished-at="2024-09-28T15:34:26 IST" duration-ms="9230">
      <class name="testngpkg.Fileuploadthroughsystem">
        <test-method is-config="true" signature="setup()[pri:0, instance:testngpkg.Fileuploadthroughsystem@3c77d488]" started-at="2024-09-28T15:34:17 IST" name="setup" finished-at="2024-09-28T15:34:23 IST" duration-ms="5908" status="PASS">
          <reporter-output>
          </reporter-output>
        </test-method> <!-- setup -->
        <test-method signature="test()[pri:0, instance:testngpkg.Fileuploadthroughsystem@3c77d488]" started-at="2024-09-28T15:34:23 IST" name="test" finished-at="2024-09-28T15:34:26 IST" duration-ms="3279" status="PASS">
          <reporter-output>
          </reporter-output>
        </test-method> <!-- test -->
      </class> <!-- testngpkg.Fileuploadthroughsystem -->
    </test> <!-- Default test -->
  </suite> <!-- Default suite -->
</testng-results>
